<?xml version="1.0" encoding="utf-8"?><testsuites name="pytest tests"><testsuite name="pytest" errors="0" failures="16" skipped="0" tests="182" time="92.094" timestamp="2026-08-25T19:47:18.578882+05:30" hostname="INJ-HQ-LAP-0174"><testcase classname="test.health.test_api_health" name="test_endpoint_health[login]" time="0.548" /><testcase classname="test.health.test_api_health" name="test_endpoint_health[me]" time="0.443" /><testcase classname="test.health.test_api_health" name="test_endpoint_health[get_user_details]" time="0.424" /><testcase classname="test.health.test_api_health" name="test_endpoint_health[employee_leave_policy]" time="0.396" /><testcase classname="test.health.test_api_health" name="test_endpoint_health[employee_holiday_policy]" time="0.410" /><testcase classname="test.health.test_api_health" name="test_endpoint_health[attendance_monthly]" time="0.431" /><testcase classname="test.health.test_api_health" name="test_endpoint_health[leave_requests]" time="0.404" /><testcase classname="test.health.test_api_health" name="test_endpoint_health[ticketing_tickets]" time="0.421" /><testcase classname="test.health.test_api_health" name="test_endpoint_health[notifications]" time="0.378" /><testcase classname="test.health.test_api_health" name="test_endpoint_health[hr_payslips]" time="0.389" /><testcase classname="test.health.test_api_health" name="test_endpoint_health[login_pm]" time="0.344" /><testcase classname="test.health.test_api_health" name="test_endpoint_health[me_pm]" time="0.444" /><testcase classname="test.health.test_api_health" name="test_endpoint_health[get_user_details_pm]" time="0.512" /><testcase classname="test.health.test_api_health" name="test_endpoint_health[employee_leave_policy_pm]" time="0.437" /><testcase classname="test.health.test_api_health" name="test_endpoint_health[employee_holiday_policy_pm]" time="0.389" /><testcase classname="test.health.test_api_health" name="test_endpoint_health[attendance_monthly_pm]" time="0.415" /><testcase classname="test.health.test_api_health" name="test_endpoint_health[leave_requests_pm]" time="0.410" /><testcase classname="test.health.test_api_health" name="test_endpoint_health[ticketing_tickets_pm]" time="0.375" /><testcase classname="test.health.test_api_health" name="test_endpoint_health[notifications_pm]" time="0.388" /><testcase classname="test.health.test_api_health" name="test_endpoint_health[hr_payslips_pm]" time="0.377" /><testcase classname="test.health.test_api_health" name="test_endpoint_health[fetch_ticket_types]" time="0.377" /><testcase classname="test.health.test_api_health" name="test_endpoint_health[fetch_invite_list]" time="0.428" /><testcase classname="test.health.test_api_health" name="test_endpoint_health[onboarding_approved]" time="0.459" /><testcase classname="test.health.test_api_health" name="test_endpoint_health[fetch_users_list]" time="0.458" /><testcase classname="test.health.test_api_health" name="test_endpoint_health[fetch_user_detail_by_user]" time="0.504" /><testcase classname="test.health.test_api_health" name="test_endpoint_health[fetch_attendance_summary]" time="0.445" /><testcase classname="test.health.test_api_health" name="test_endpoint_health[fetch_full_manager_list]" time="0.433" /><testcase classname="test.health.test_api_health" name="test_endpoint_health[metrics]" time="0.391" /><testcase classname="test.health.test_api_health" name="test_endpoint_health[workforce_snapshot]" time="0.396" /><testcase classname="test.health.test_api_health" name="test_endpoint_health[attendance_overview]" time="0.441" /><testcase classname="test.health.test_api_health" name="test_endpoint_health[pending_approvals]" time="0.428" /><testcase classname="test.health.test_api_health" name="test_endpoint_health[recent_joiners]" time="0.450" /><testcase classname="test.health.test_api_health" name="test_endpoint_health[today_onboarding]" time="0.460" /><testcase classname="test.health.test_api_health" name="test_endpoint_health[celebrations]" time="0.381" /><testcase classname="test.health.test_api_health" name="test_endpoint_health[list_announcements_hr_admin]" time="0.377" /><testcase classname="test.health.test_api_health" name="test_endpoint_health[my_announcements_feed_employee]" time="0.412" /><testcase classname="test.health.test_api_health" name="test_endpoint_health[list_templates]" time="0.399" /><testcase classname="test.health.test_api_health" name="test_endpoint_health[self_permissions]" time="0.381" /><testcase classname="test.health.test_api_health" name="test_endpoint_health[fetch_user_attendance_config]" time="0.433" /><testcase classname="test.health.test_api_health" name="test_endpoint_health[fetch_hr_level_employee_leave_policy]" time="0.565"><failure message="AssertionError: Expected 200, got 500: {&quot;status&quot;:&quot;error&quot;,&quot;message&quot;:&quot;Undefined constant PDO::FETCH_ASSgetAllEmployeesAppliedLeavesOC&quot;,&quot;errors&quot;:[]}&#10;assert False">endpoint = {'name': 'fetch_hr_level_employee_leave_policy', 'module': 'HR Management', 'submodule': 'Leave', 'action': 'Fetch Hr Level Employee Leave Policy', ...}
health_client = &lt;conftest.health_client.&lt;locals&gt;.HealthClient object at 0x00000223B6188C20&gt;
health_reporter = &lt;utils.health_reporter.HealthReporter object at 0x00000223B6188980&gt;
failure_logger = &lt;utils.health_failure_logger.HealthFailureLogger object at 0x00000223B61897F0&gt;
token_managers = {'employee': &lt;api_framework.auth.health_token_manager.HealthTokenManager object at 0x00000223B6188AD0&gt;, 'hr': &lt;api_fra...0000223B60CE5D0&gt;, 'finance': &lt;api_framework.auth.health_token_manager.HealthTokenManager object at 0x00000223B60BD5B0&gt;}
id_resolver = &lt;utils.health_id_resolver.HealthIdResolver object at 0x00000223B6189010&gt;
base_url = 'https://injin-dev.injtechnologies.com'

    @pytest.mark.parametrize("endpoint", ENDPOINTS, ids=[e["name"] for e in ENDPOINTS])
    def test_endpoint_health(endpoint, health_client, health_reporter, failure_logger,
                              token_managers, id_resolver, base_url):
        name = endpoint["name"]
        action = endpoint.get("action", name)
        method = endpoint["method"]
        expected_status = endpoint["expected_status"]
        critical = endpoint.get("critical", False)
        sla_ms = endpoint.get("sla_ms", DEFAULT_SLA_MS)
    
        manager = token_managers.get("employee")
        candidate_name = manager.user_info.get("name", "") if manager else ""
        candidate_email = manager.user_info.get("email", "") if manager else ""
    
        # --- Login is a special case ---
        if endpoint.get("is_login"):
            from api_framework.config.health_endpoints import AUTH_PROFILES
            from api_framework.auth.health_token_manager import resolve_credentials
    
            path = endpoint["path"]
            profile_cfg = AUTH_PROFILES["employee"]
            username, password = resolve_credentials(profile_cfg)
    
            request_payload = {"username": username, "password": "***MASKED***"}
            error_msg = ""
            passed = False
            status_code = None
            elapsed_ms = None
            api_message = ""
            response_body = None
    
            try:
                manager.get_access_token(username, password, force_refresh=True)
                status_code = manager.last_login_response.get("status_code")
                elapsed_ms = manager.last_login_response.get("elapsed_ms")
                passed = status_code == expected_status
                api_message = "Login successful" if passed else "Login failed"
                response_body = manager.last_login_response.get("body_snippet")
                candidate_name = manager.user_info.get("name", "")
                candidate_email = manager.user_info.get("email", "")
            except HealthAuthError as e:
                error_msg = str(e)
                api_message = "Login raised an exception"
                status_code = manager.last_login_response.get("status_code")
                elapsed_ms = manager.last_login_response.get("elapsed_ms")
                response_body = manager.last_login_response.get("body_snippet")
    
            health_reporter.record(
                name=name, action=action, method=method, path=path, params=None,
                status_code=status_code, expected_status=expected_status,
                passed=passed, elapsed_ms=elapsed_ms, sla_ms=sla_ms,
                api_message=api_message,
                request_headers={"Content-Type": "application/json"},
                request_payload=request_payload, response_body=response_body,
                candidate_name=candidate_name, candidate_email=candidate_email,
                error=error_msg, critical=critical,
            )
            assert passed, error_msg or f"Login check failed (status={status_code})"
            return
    
        # --- Resolve path_template -&gt; real path, if needed ---
        if "path_template" in endpoint:
            resolve_vars = endpoint.get("resolve_vars", [])
            try:
                resolved = id_resolver.resolve_all(resolve_vars)
                path = endpoint["path_template"].format(**resolved)
            except IdResolutionError as e:
                # ID resolution failed — report THIS as the failure reason,
                # clearly distinct from "the endpoint itself returned an error".
                error_msg = f"ID resolution failed: {e}"
                health_reporter.record(
                    name=name, action=action, method=method,
                    path=endpoint["path_template"], params=None,
                    status_code=None, expected_status=expected_status,
                    passed=False, elapsed_ms=None, sla_ms=sla_ms,
                    api_message="Could not resolve required path variable(s)",
                    request_headers={}, request_payload={}, response_body="",
                    candidate_name=candidate_name, candidate_email=candidate_email,
                    error=error_msg, critical=critical,
                )
                failure_logger.log_failure(
                    name=name, method=method, url=f"{base_url}{endpoint['path_template']}",
                    request_params={}, request_headers={}, status_code=0,
                    response_headers={}, response_body="", error=error_msg,
                )
                pytest.fail(error_msg)
        else:
            path = endpoint["path"]
    
        params = endpoint["params"]() if "params" in endpoint else None
    
        # --- Standard endpoint check ---
        error_msg = ""
        passed = False
        status_code = None
        elapsed_ms = None
        resp = None
        req_url = f"{base_url}{path}"
        req_headers = {}
        api_message = ""
        response_body = None
    
        try:
            resp, elapsed_ms, req_url, req_headers = health_client.request(
                method=method, path=path, params=params,
                auth_profile=endpoint.get("auth_profile"),
            )
            status_code = resp.status_code
            passed = status_code == expected_status
            response_body = resp.text
    
            if passed:
                api_message = "OK"
            else:
                try:
                    body_json = resp.json()
                    api_message = body_json.get("message", f"Unexpected status {status_code}")
                except Exception:
                    api_message = f"Unexpected status {status_code}"
                error_msg = f"Expected {expected_status}, got {status_code}: {resp.text[:300]}"
    
        except Exception as e:
            error_msg = f"{type(e).__name__}: {e}"
            api_message = "Request exception (network/timeout/connection)"
    
        health_reporter.record(
            name=name, action=action, method=method, path=path, params=params,
            status_code=status_code, expected_status=expected_status,
            passed=passed, elapsed_ms=elapsed_ms, sla_ms=sla_ms,
            api_message=api_message, request_headers=req_headers,
            request_payload=params or {}, response_body=response_body,
            candidate_name=candidate_name, candidate_email=candidate_email,
            error=error_msg, critical=critical,
        )
    
        if not passed:
            failure_logger.log_failure(
                name=name, method=method, url=req_url,
                request_params=params or {}, request_headers=req_headers,
                status_code=status_code or 0,
                response_headers=dict(resp.headers) if resp is not None else {},
                response_body=response_body or "", error=error_msg,
            )
    
&gt;       assert passed, error_msg
E       AssertionError: Expected 200, got 500: {"status":"error","message":"Undefined constant PDO::FETCH_ASSgetAllEmployeesAppliedLeavesOC","errors":[]}
E       assert False

test\health\test_api_health.py:162: AssertionError</failure></testcase><testcase classname="test.health.test_api_health" name="test_endpoint_health[fetch_all_employee_applied_leave]" time="0.441" /><testcase classname="test.health.test_api_health" name="test_endpoint_health[fetch_hr_level_applied_leave]" time="0.422" /><testcase classname="test.health.test_api_health" name="test_endpoint_health[fetch_tickets]" time="0.423"><failure message="AssertionError: Expected 200, got 404: {&quot;error&quot;:&quot;Route not found!&quot;}&#10;assert False">endpoint = {'name': 'fetch_tickets', 'module': 'Ticketing', 'submodule': 'Tickets', 'action': 'Fetch Tickets', ...}
health_client = &lt;conftest.health_client.&lt;locals&gt;.HealthClient object at 0x00000223B6188C20&gt;
health_reporter = &lt;utils.health_reporter.HealthReporter object at 0x00000223B6188980&gt;
failure_logger = &lt;utils.health_failure_logger.HealthFailureLogger object at 0x00000223B61897F0&gt;
token_managers = {'employee': &lt;api_framework.auth.health_token_manager.HealthTokenManager object at 0x00000223B6188AD0&gt;, 'hr': &lt;api_fra...0000223B60CE5D0&gt;, 'finance': &lt;api_framework.auth.health_token_manager.HealthTokenManager object at 0x00000223B60BD5B0&gt;}
id_resolver = &lt;utils.health_id_resolver.HealthIdResolver object at 0x00000223B6189010&gt;
base_url = 'https://injin-dev.injtechnologies.com'

    @pytest.mark.parametrize("endpoint", ENDPOINTS, ids=[e["name"] for e in ENDPOINTS])
    def test_endpoint_health(endpoint, health_client, health_reporter, failure_logger,
                              token_managers, id_resolver, base_url):
        name = endpoint["name"]
        action = endpoint.get("action", name)
        method = endpoint["method"]
        expected_status = endpoint["expected_status"]
        critical = endpoint.get("critical", False)
        sla_ms = endpoint.get("sla_ms", DEFAULT_SLA_MS)
    
        manager = token_managers.get("employee")
        candidate_name = manager.user_info.get("name", "") if manager else ""
        candidate_email = manager.user_info.get("email", "") if manager else ""
    
        # --- Login is a special case ---
        if endpoint.get("is_login"):
            from api_framework.config.health_endpoints import AUTH_PROFILES
            from api_framework.auth.health_token_manager import resolve_credentials
    
            path = endpoint["path"]
            profile_cfg = AUTH_PROFILES["employee"]
            username, password = resolve_credentials(profile_cfg)
    
            request_payload = {"username": username, "password": "***MASKED***"}
            error_msg = ""
            passed = False
            status_code = None
            elapsed_ms = None
            api_message = ""
            response_body = None
    
            try:
                manager.get_access_token(username, password, force_refresh=True)
                status_code = manager.last_login_response.get("status_code")
                elapsed_ms = manager.last_login_response.get("elapsed_ms")
                passed = status_code == expected_status
                api_message = "Login successful" if passed else "Login failed"
                response_body = manager.last_login_response.get("body_snippet")
                candidate_name = manager.user_info.get("name", "")
                candidate_email = manager.user_info.get("email", "")
            except HealthAuthError as e:
                error_msg = str(e)
                api_message = "Login raised an exception"
                status_code = manager.last_login_response.get("status_code")
                elapsed_ms = manager.last_login_response.get("elapsed_ms")
                response_body = manager.last_login_response.get("body_snippet")
    
            health_reporter.record(
                name=name, action=action, method=method, path=path, params=None,
                status_code=status_code, expected_status=expected_status,
                passed=passed, elapsed_ms=elapsed_ms, sla_ms=sla_ms,
                api_message=api_message,
                request_headers={"Content-Type": "application/json"},
                request_payload=request_payload, response_body=response_body,
                candidate_name=candidate_name, candidate_email=candidate_email,
                error=error_msg, critical=critical,
            )
            assert passed, error_msg or f"Login check failed (status={status_code})"
            return
    
        # --- Resolve path_template -&gt; real path, if needed ---
        if "path_template" in endpoint:
            resolve_vars = endpoint.get("resolve_vars", [])
            try:
                resolved = id_resolver.resolve_all(resolve_vars)
                path = endpoint["path_template"].format(**resolved)
            except IdResolutionError as e:
                # ID resolution failed — report THIS as the failure reason,
                # clearly distinct from "the endpoint itself returned an error".
                error_msg = f"ID resolution failed: {e}"
                health_reporter.record(
                    name=name, action=action, method=method,
                    path=endpoint["path_template"], params=None,
                    status_code=None, expected_status=expected_status,
                    passed=False, elapsed_ms=None, sla_ms=sla_ms,
                    api_message="Could not resolve required path variable(s)",
                    request_headers={}, request_payload={}, response_body="",
                    candidate_name=candidate_name, candidate_email=candidate_email,
                    error=error_msg, critical=critical,
                )
                failure_logger.log_failure(
                    name=name, method=method, url=f"{base_url}{endpoint['path_template']}",
                    request_params={}, request_headers={}, status_code=0,
                    response_headers={}, response_body="", error=error_msg,
                )
                pytest.fail(error_msg)
        else:
            path = endpoint["path"]
    
        params = endpoint["params"]() if "params" in endpoint else None
    
        # --- Standard endpoint check ---
        error_msg = ""
        passed = False
        status_code = None
        elapsed_ms = None
        resp = None
        req_url = f"{base_url}{path}"
        req_headers = {}
        api_message = ""
        response_body = None
    
        try:
            resp, elapsed_ms, req_url, req_headers = health_client.request(
                method=method, path=path, params=params,
                auth_profile=endpoint.get("auth_profile"),
            )
            status_code = resp.status_code
            passed = status_code == expected_status
            response_body = resp.text
    
            if passed:
                api_message = "OK"
            else:
                try:
                    body_json = resp.json()
                    api_message = body_json.get("message", f"Unexpected status {status_code}")
                except Exception:
                    api_message = f"Unexpected status {status_code}"
                error_msg = f"Expected {expected_status}, got {status_code}: {resp.text[:300]}"
    
        except Exception as e:
            error_msg = f"{type(e).__name__}: {e}"
            api_message = "Request exception (network/timeout/connection)"
    
        health_reporter.record(
            name=name, action=action, method=method, path=path, params=params,
            status_code=status_code, expected_status=expected_status,
            passed=passed, elapsed_ms=elapsed_ms, sla_ms=sla_ms,
            api_message=api_message, request_headers=req_headers,
            request_payload=params or {}, response_body=response_body,
            candidate_name=candidate_name, candidate_email=candidate_email,
            error=error_msg, critical=critical,
        )
    
        if not passed:
            failure_logger.log_failure(
                name=name, method=method, url=req_url,
                request_params=params or {}, request_headers=req_headers,
                status_code=status_code or 0,
                response_headers=dict(resp.headers) if resp is not None else {},
                response_body=response_body or "", error=error_msg,
            )
    
&gt;       assert passed, error_msg
E       AssertionError: Expected 200, got 404: {"error":"Route not found!"}
E       assert False

test\health\test_api_health.py:162: AssertionError</failure></testcase><testcase classname="test.health.test_api_health" name="test_endpoint_health[upcoming_events]" time="0.434" /><testcase classname="test.health.test_api_health" name="test_endpoint_health[fetch_pending_tickets]" time="0.383"><failure message="AssertionError: Expected 200, got 404: {&quot;error&quot;:&quot;Route not found!&quot;}&#10;assert False">endpoint = {'name': 'fetch_pending_tickets', 'module': 'Ticketing', 'submodule': 'Pending Approvals', 'action': 'Fetch Pending Tickets', ...}
health_client = &lt;conftest.health_client.&lt;locals&gt;.HealthClient object at 0x00000223B6188C20&gt;
health_reporter = &lt;utils.health_reporter.HealthReporter object at 0x00000223B6188980&gt;
failure_logger = &lt;utils.health_failure_logger.HealthFailureLogger object at 0x00000223B61897F0&gt;
token_managers = {'employee': &lt;api_framework.auth.health_token_manager.HealthTokenManager object at 0x00000223B6188AD0&gt;, 'hr': &lt;api_fra...0000223B60CE5D0&gt;, 'finance': &lt;api_framework.auth.health_token_manager.HealthTokenManager object at 0x00000223B60BD5B0&gt;}
id_resolver = &lt;utils.health_id_resolver.HealthIdResolver object at 0x00000223B6189010&gt;
base_url = 'https://injin-dev.injtechnologies.com'

    @pytest.mark.parametrize("endpoint", ENDPOINTS, ids=[e["name"] for e in ENDPOINTS])
    def test_endpoint_health(endpoint, health_client, health_reporter, failure_logger,
                              token_managers, id_resolver, base_url):
        name = endpoint["name"]
        action = endpoint.get("action", name)
        method = endpoint["method"]
        expected_status = endpoint["expected_status"]
        critical = endpoint.get("critical", False)
        sla_ms = endpoint.get("sla_ms", DEFAULT_SLA_MS)
    
        manager = token_managers.get("employee")
        candidate_name = manager.user_info.get("name", "") if manager else ""
        candidate_email = manager.user_info.get("email", "") if manager else ""
    
        # --- Login is a special case ---
        if endpoint.get("is_login"):
            from api_framework.config.health_endpoints import AUTH_PROFILES
            from api_framework.auth.health_token_manager import resolve_credentials
    
            path = endpoint["path"]
            profile_cfg = AUTH_PROFILES["employee"]
            username, password = resolve_credentials(profile_cfg)
    
            request_payload = {"username": username, "password": "***MASKED***"}
            error_msg = ""
            passed = False
            status_code = None
            elapsed_ms = None
            api_message = ""
            response_body = None
    
            try:
                manager.get_access_token(username, password, force_refresh=True)
                status_code = manager.last_login_response.get("status_code")
                elapsed_ms = manager.last_login_response.get("elapsed_ms")
                passed = status_code == expected_status
                api_message = "Login successful" if passed else "Login failed"
                response_body = manager.last_login_response.get("body_snippet")
                candidate_name = manager.user_info.get("name", "")
                candidate_email = manager.user_info.get("email", "")
            except HealthAuthError as e:
                error_msg = str(e)
                api_message = "Login raised an exception"
                status_code = manager.last_login_response.get("status_code")
                elapsed_ms = manager.last_login_response.get("elapsed_ms")
                response_body = manager.last_login_response.get("body_snippet")
    
            health_reporter.record(
                name=name, action=action, method=method, path=path, params=None,
                status_code=status_code, expected_status=expected_status,
                passed=passed, elapsed_ms=elapsed_ms, sla_ms=sla_ms,
                api_message=api_message,
                request_headers={"Content-Type": "application/json"},
                request_payload=request_payload, response_body=response_body,
                candidate_name=candidate_name, candidate_email=candidate_email,
                error=error_msg, critical=critical,
            )
            assert passed, error_msg or f"Login check failed (status={status_code})"
            return
    
        # --- Resolve path_template -&gt; real path, if needed ---
        if "path_template" in endpoint:
            resolve_vars = endpoint.get("resolve_vars", [])
            try:
                resolved = id_resolver.resolve_all(resolve_vars)
                path = endpoint["path_template"].format(**resolved)
            except IdResolutionError as e:
                # ID resolution failed — report THIS as the failure reason,
                # clearly distinct from "the endpoint itself returned an error".
                error_msg = f"ID resolution failed: {e}"
                health_reporter.record(
                    name=name, action=action, method=method,
                    path=endpoint["path_template"], params=None,
                    status_code=None, expected_status=expected_status,
                    passed=False, elapsed_ms=None, sla_ms=sla_ms,
                    api_message="Could not resolve required path variable(s)",
                    request_headers={}, request_payload={}, response_body="",
                    candidate_name=candidate_name, candidate_email=candidate_email,
                    error=error_msg, critical=critical,
                )
                failure_logger.log_failure(
                    name=name, method=method, url=f"{base_url}{endpoint['path_template']}",
                    request_params={}, request_headers={}, status_code=0,
                    response_headers={}, response_body="", error=error_msg,
                )
                pytest.fail(error_msg)
        else:
            path = endpoint["path"]
    
        params = endpoint["params"]() if "params" in endpoint else None
    
        # --- Standard endpoint check ---
        error_msg = ""
        passed = False
        status_code = None
        elapsed_ms = None
        resp = None
        req_url = f"{base_url}{path}"
        req_headers = {}
        api_message = ""
        response_body = None
    
        try:
            resp, elapsed_ms, req_url, req_headers = health_client.request(
                method=method, path=path, params=params,
                auth_profile=endpoint.get("auth_profile"),
            )
            status_code = resp.status_code
            passed = status_code == expected_status
            response_body = resp.text
    
            if passed:
                api_message = "OK"
            else:
                try:
                    body_json = resp.json()
                    api_message = body_json.get("message", f"Unexpected status {status_code}")
                except Exception:
                    api_message = f"Unexpected status {status_code}"
                error_msg = f"Expected {expected_status}, got {status_code}: {resp.text[:300]}"
    
        except Exception as e:
            error_msg = f"{type(e).__name__}: {e}"
            api_message = "Request exception (network/timeout/connection)"
    
        health_reporter.record(
            name=name, action=action, method=method, path=path, params=params,
            status_code=status_code, expected_status=expected_status,
            passed=passed, elapsed_ms=elapsed_ms, sla_ms=sla_ms,
            api_message=api_message, request_headers=req_headers,
            request_payload=params or {}, response_body=response_body,
            candidate_name=candidate_name, candidate_email=candidate_email,
            error=error_msg, critical=critical,
        )
    
        if not passed:
            failure_logger.log_failure(
                name=name, method=method, url=req_url,
                request_params=params or {}, request_headers=req_headers,
                status_code=status_code or 0,
                response_headers=dict(resp.headers) if resp is not None else {},
                response_body=response_body or "", error=error_msg,
            )
    
&gt;       assert passed, error_msg
E       AssertionError: Expected 200, got 404: {"error":"Route not found!"}
E       assert False

test\health\test_api_health.py:162: AssertionError</failure></testcase><testcase classname="test.health.test_api_health" name="test_endpoint_health[my_team_manager_direct_reports]" time="0.426" /><testcase classname="test.health.test_api_health" name="test_endpoint_health[organisation_chart_flat_list]" time="0.418" /><testcase classname="test.health.test_api_health" name="test_endpoint_health[organisation_chart_nested_tree]" time="0.481" /><testcase classname="test.health.test_api_health" name="test_endpoint_health[team_dashboard]" time="0.497" /><testcase classname="test.health.test_api_health" name="test_endpoint_health[team_roster_full_subtree]" time="0.440" /><testcase classname="test.health.test_api_health" name="test_endpoint_health[pending_leave_requests_mine_to_approve]" time="0.461" /><testcase classname="test.health.test_api_health" name="test_endpoint_health[team_leave_calendar_month_subtree]" time="0.455" /><testcase classname="test.health.test_api_health" name="test_endpoint_health[team_leave_balance]" time="0.445" /><testcase classname="test.health.test_api_health" name="test_endpoint_health[team_attendance_calendar_month_subtree]" time="0.507" /><testcase classname="test.health.test_api_health" name="test_endpoint_health[team_attendance_today]" time="0.429" /><testcase classname="test.health.test_api_health" name="test_endpoint_health[unified_pending_approvals]" time="0.480" /><testcase classname="test.health.test_api_health" name="test_endpoint_health[get_unread_count]" time="0.456" /><testcase classname="test.health.test_api_health" name="test_endpoint_health[get_my_mute_preferences]" time="0.570" /><testcase classname="test.health.test_api_health" name="test_endpoint_health[fetch_permissions]" time="0.491" /><testcase classname="test.health.test_api_health" name="test_endpoint_health[fetch_roles]" time="0.466" /><testcase classname="test.health.test_api_health" name="test_endpoint_health[fetch_attendance_default_list]" time="0.518" /><testcase classname="test.health.test_api_health" name="test_endpoint_health[fetch_attendance_default]" time="0.430" /><testcase classname="test.health.test_api_health" name="test_endpoint_health[fetch_master_option_list]" time="0.421" /><testcase classname="test.health.test_api_health" name="test_endpoint_health[fetch_master_option_dependent_list]" time="0.430" /><testcase classname="test.health.test_api_health" name="test_endpoint_health[fetch_ip_address_list]" time="0.429" /><testcase classname="test.health.test_api_health" name="test_endpoint_health[fetch_attendance_source_list]" time="0.422" /><testcase classname="test.health.test_api_health" name="test_endpoint_health[fetch_work_mode_list]" time="0.478" /><testcase classname="test.health.test_api_health" name="test_endpoint_health[fetch_attendance_policy_list]" time="0.462" /><testcase classname="test.health.test_api_health" name="test_endpoint_health[fetch_break_policy_list]" time="0.461" /><testcase classname="test.health.test_api_health" name="test_endpoint_health[fetch_shift_list]" time="0.493" /><testcase classname="test.health.test_api_health" name="test_endpoint_health[fetch_salary_structure_list]" time="0.455" /><testcase classname="test.health.test_api_health" name="test_endpoint_health[salary_structure_meta]" time="0.453" /><testcase classname="test.health.test_api_health" name="test_endpoint_health[fetch_pay_component_group_list]" time="0.449" /><testcase classname="test.health.test_api_health" name="test_endpoint_health[pay_component_group_meta]" time="0.435" /><testcase classname="test.health.test_api_health" name="test_endpoint_health[fetch_pay_component_rule_list]" time="0.471" /><testcase classname="test.health.test_api_health" name="test_endpoint_health[pay_component_rule_meta]" time="0.457" /><testcase classname="test.health.test_api_health" name="test_endpoint_health[fetch_pay_component_list]" time="0.478" /><testcase classname="test.health.test_api_health" name="test_endpoint_health[pay_component_meta]" time="0.449" /><testcase classname="test.health.test_api_health" name="test_endpoint_health[fetch_pay_range_list]" time="0.521" /><testcase classname="test.health.test_api_health" name="test_endpoint_health[fetch_cost_center_list]" time="0.497" /><testcase classname="test.health.test_api_health" name="test_endpoint_health[fetch_job_title_list]" time="0.506" /><testcase classname="test.health.test_api_health" name="test_endpoint_health[fetch_sub_function_list]" time="0.492" /><testcase classname="test.health.test_api_health" name="test_endpoint_health[fetch_function_list]" time="0.469" /><testcase classname="test.health.test_api_health" name="test_endpoint_health[fetch_pay_grade_list]" time="0.492" /><testcase classname="test.health.test_api_health" name="test_endpoint_health[fetch_work_location_list]" time="0.580" /><testcase classname="test.health.test_api_health" name="test_endpoint_health[fetch_geo_zone_list]" time="0.496" /><testcase classname="test.health.test_api_health" name="test_endpoint_health[fetch_employee_leave_approval]" time="0.438" /><testcase classname="test.health.test_api_health" name="test_endpoint_health[fetch_optional_holiday]" time="0.447" /><testcase classname="test.health.test_api_health" name="test_endpoint_health[fetch_employee_leave_approval_2]" time="0.457" /><testcase classname="test.health.test_api_health" name="test_endpoint_health[fetch_holiday_group]" time="0.483"><failure message="AssertionError: Expected 200, got 500: {&quot;status&quot;:&quot;error&quot;,&quot;message&quot;:&quot;SQLSTATE[22P02]: Invalid text representation: 7 ERROR:  invalid input syntax for type uuid: \&quot;%7Buuid%7D\&quot;\nCONTEXT:  unnamed portal parameter $1 = '...'&quot;,&quot;errors&quot;:[]}&#10;assert False">endpoint = {'name': 'fetch_holiday_group', 'module': 'Master Data', 'submodule': 'Holiday Group', 'action': 'Fetch Holiday Group', ...}
health_client = &lt;conftest.health_client.&lt;locals&gt;.HealthClient object at 0x00000223B6188C20&gt;
health_reporter = &lt;utils.health_reporter.HealthReporter object at 0x00000223B6188980&gt;
failure_logger = &lt;utils.health_failure_logger.HealthFailureLogger object at 0x00000223B61897F0&gt;
token_managers = {'employee': &lt;api_framework.auth.health_token_manager.HealthTokenManager object at 0x00000223B6188AD0&gt;, 'hr': &lt;api_fra...0000223B60CE5D0&gt;, 'finance': &lt;api_framework.auth.health_token_manager.HealthTokenManager object at 0x00000223B60BD5B0&gt;}
id_resolver = &lt;utils.health_id_resolver.HealthIdResolver object at 0x00000223B6189010&gt;
base_url = 'https://injin-dev.injtechnologies.com'

    @pytest.mark.parametrize("endpoint", ENDPOINTS, ids=[e["name"] for e in ENDPOINTS])
    def test_endpoint_health(endpoint, health_client, health_reporter, failure_logger,
                              token_managers, id_resolver, base_url):
        name = endpoint["name"]
        action = endpoint.get("action", name)
        method = endpoint["method"]
        expected_status = endpoint["expected_status"]
        critical = endpoint.get("critical", False)
        sla_ms = endpoint.get("sla_ms", DEFAULT_SLA_MS)
    
        manager = token_managers.get("employee")
        candidate_name = manager.user_info.get("name", "") if manager else ""
        candidate_email = manager.user_info.get("email", "") if manager else ""
    
        # --- Login is a special case ---
        if endpoint.get("is_login"):
            from api_framework.config.health_endpoints import AUTH_PROFILES
            from api_framework.auth.health_token_manager import resolve_credentials
    
            path = endpoint["path"]
            profile_cfg = AUTH_PROFILES["employee"]
            username, password = resolve_credentials(profile_cfg)
    
            request_payload = {"username": username, "password": "***MASKED***"}
            error_msg = ""
            passed = False
            status_code = None
            elapsed_ms = None
            api_message = ""
            response_body = None
    
            try:
                manager.get_access_token(username, password, force_refresh=True)
                status_code = manager.last_login_response.get("status_code")
                elapsed_ms = manager.last_login_response.get("elapsed_ms")
                passed = status_code == expected_status
                api_message = "Login successful" if passed else "Login failed"
                response_body = manager.last_login_response.get("body_snippet")
                candidate_name = manager.user_info.get("name", "")
                candidate_email = manager.user_info.get("email", "")
            except HealthAuthError as e:
                error_msg = str(e)
                api_message = "Login raised an exception"
                status_code = manager.last_login_response.get("status_code")
                elapsed_ms = manager.last_login_response.get("elapsed_ms")
                response_body = manager.last_login_response.get("body_snippet")
    
            health_reporter.record(
                name=name, action=action, method=method, path=path, params=None,
                status_code=status_code, expected_status=expected_status,
                passed=passed, elapsed_ms=elapsed_ms, sla_ms=sla_ms,
                api_message=api_message,
                request_headers={"Content-Type": "application/json"},
                request_payload=request_payload, response_body=response_body,
                candidate_name=candidate_name, candidate_email=candidate_email,
                error=error_msg, critical=critical,
            )
            assert passed, error_msg or f"Login check failed (status={status_code})"
            return
    
        # --- Resolve path_template -&gt; real path, if needed ---
        if "path_template" in endpoint:
            resolve_vars = endpoint.get("resolve_vars", [])
            try:
                resolved = id_resolver.resolve_all(resolve_vars)
                path = endpoint["path_template"].format(**resolved)
            except IdResolutionError as e:
                # ID resolution failed — report THIS as the failure reason,
                # clearly distinct from "the endpoint itself returned an error".
                error_msg = f"ID resolution failed: {e}"
                health_reporter.record(
                    name=name, action=action, method=method,
                    path=endpoint["path_template"], params=None,
                    status_code=None, expected_status=expected_status,
                    passed=False, elapsed_ms=None, sla_ms=sla_ms,
                    api_message="Could not resolve required path variable(s)",
                    request_headers={}, request_payload={}, response_body="",
                    candidate_name=candidate_name, candidate_email=candidate_email,
                    error=error_msg, critical=critical,
                )
                failure_logger.log_failure(
                    name=name, method=method, url=f"{base_url}{endpoint['path_template']}",
                    request_params={}, request_headers={}, status_code=0,
                    response_headers={}, response_body="", error=error_msg,
                )
                pytest.fail(error_msg)
        else:
            path = endpoint["path"]
    
        params = endpoint["params"]() if "params" in endpoint else None
    
        # --- Standard endpoint check ---
        error_msg = ""
        passed = False
        status_code = None
        elapsed_ms = None
        resp = None
        req_url = f"{base_url}{path}"
        req_headers = {}
        api_message = ""
        response_body = None
    
        try:
            resp, elapsed_ms, req_url, req_headers = health_client.request(
                method=method, path=path, params=params,
                auth_profile=endpoint.get("auth_profile"),
            )
            status_code = resp.status_code
            passed = status_code == expected_status
            response_body = resp.text
    
            if passed:
                api_message = "OK"
            else:
                try:
                    body_json = resp.json()
                    api_message = body_json.get("message", f"Unexpected status {status_code}")
                except Exception:
                    api_message = f"Unexpected status {status_code}"
                error_msg = f"Expected {expected_status}, got {status_code}: {resp.text[:300]}"
    
        except Exception as e:
            error_msg = f"{type(e).__name__}: {e}"
            api_message = "Request exception (network/timeout/connection)"
    
        health_reporter.record(
            name=name, action=action, method=method, path=path, params=params,
            status_code=status_code, expected_status=expected_status,
            passed=passed, elapsed_ms=elapsed_ms, sla_ms=sla_ms,
            api_message=api_message, request_headers=req_headers,
            request_payload=params or {}, response_body=response_body,
            candidate_name=candidate_name, candidate_email=candidate_email,
            error=error_msg, critical=critical,
        )
    
        if not passed:
            failure_logger.log_failure(
                name=name, method=method, url=req_url,
                request_params=params or {}, request_headers=req_headers,
                status_code=status_code or 0,
                response_headers=dict(resp.headers) if resp is not None else {},
                response_body=response_body or "", error=error_msg,
            )
    
&gt;       assert passed, error_msg
E       AssertionError: Expected 200, got 500: {"status":"error","message":"SQLSTATE[22P02]: Invalid text representation: 7 ERROR:  invalid input syntax for type uuid: \"%7Buuid%7D\"\nCONTEXT:  unnamed portal parameter $1 = '...'","errors":[]}
E       assert False

test\health\test_api_health.py:162: AssertionError</failure></testcase><testcase classname="test.health.test_api_health" name="test_endpoint_health[fetch_financial_year]" time="0.431" /><testcase classname="test.health.test_api_health" name="test_endpoint_health[get_active_year]" time="0.519" /><testcase classname="test.health.test_api_health" name="test_endpoint_health[fetch_leave_policy_assignemnt_list]" time="0.575" /><testcase classname="test.health.test_api_health" name="test_endpoint_health[fetch_leave_group]" time="0.484" /><testcase classname="test.health.test_api_health" name="test_endpoint_health[show_by_code]" time="0.450"><failure message="AssertionError: Expected 200, got 500: {&quot;status&quot;:&quot;error&quot;,&quot;message&quot;:&quot;Leave type not found&quot;,&quot;errors&quot;:[]}&#10;assert False">endpoint = {'name': 'show_by_code', 'module': 'Master Data', 'submodule': 'Leave Types', 'action': 'Show By Code', ...}
health_client = &lt;conftest.health_client.&lt;locals&gt;.HealthClient object at 0x00000223B6188C20&gt;
health_reporter = &lt;utils.health_reporter.HealthReporter object at 0x00000223B6188980&gt;
failure_logger = &lt;utils.health_failure_logger.HealthFailureLogger object at 0x00000223B61897F0&gt;
token_managers = {'employee': &lt;api_framework.auth.health_token_manager.HealthTokenManager object at 0x00000223B6188AD0&gt;, 'hr': &lt;api_fra...0000223B60CE5D0&gt;, 'finance': &lt;api_framework.auth.health_token_manager.HealthTokenManager object at 0x00000223B60BD5B0&gt;}
id_resolver = &lt;utils.health_id_resolver.HealthIdResolver object at 0x00000223B6189010&gt;
base_url = 'https://injin-dev.injtechnologies.com'

    @pytest.mark.parametrize("endpoint", ENDPOINTS, ids=[e["name"] for e in ENDPOINTS])
    def test_endpoint_health(endpoint, health_client, health_reporter, failure_logger,
                              token_managers, id_resolver, base_url):
        name = endpoint["name"]
        action = endpoint.get("action", name)
        method = endpoint["method"]
        expected_status = endpoint["expected_status"]
        critical = endpoint.get("critical", False)
        sla_ms = endpoint.get("sla_ms", DEFAULT_SLA_MS)
    
        manager = token_managers.get("employee")
        candidate_name = manager.user_info.get("name", "") if manager else ""
        candidate_email = manager.user_info.get("email", "") if manager else ""
    
        # --- Login is a special case ---
        if endpoint.get("is_login"):
            from api_framework.config.health_endpoints import AUTH_PROFILES
            from api_framework.auth.health_token_manager import resolve_credentials
    
            path = endpoint["path"]
            profile_cfg = AUTH_PROFILES["employee"]
            username, password = resolve_credentials(profile_cfg)
    
            request_payload = {"username": username, "password": "***MASKED***"}
            error_msg = ""
            passed = False
            status_code = None
            elapsed_ms = None
            api_message = ""
            response_body = None
    
            try:
                manager.get_access_token(username, password, force_refresh=True)
                status_code = manager.last_login_response.get("status_code")
                elapsed_ms = manager.last_login_response.get("elapsed_ms")
                passed = status_code == expected_status
                api_message = "Login successful" if passed else "Login failed"
                response_body = manager.last_login_response.get("body_snippet")
                candidate_name = manager.user_info.get("name", "")
                candidate_email = manager.user_info.get("email", "")
            except HealthAuthError as e:
                error_msg = str(e)
                api_message = "Login raised an exception"
                status_code = manager.last_login_response.get("status_code")
                elapsed_ms = manager.last_login_response.get("elapsed_ms")
                response_body = manager.last_login_response.get("body_snippet")
    
            health_reporter.record(
                name=name, action=action, method=method, path=path, params=None,
                status_code=status_code, expected_status=expected_status,
                passed=passed, elapsed_ms=elapsed_ms, sla_ms=sla_ms,
                api_message=api_message,
                request_headers={"Content-Type": "application/json"},
                request_payload=request_payload, response_body=response_body,
                candidate_name=candidate_name, candidate_email=candidate_email,
                error=error_msg, critical=critical,
            )
            assert passed, error_msg or f"Login check failed (status={status_code})"
            return
    
        # --- Resolve path_template -&gt; real path, if needed ---
        if "path_template" in endpoint:
            resolve_vars = endpoint.get("resolve_vars", [])
            try:
                resolved = id_resolver.resolve_all(resolve_vars)
                path = endpoint["path_template"].format(**resolved)
            except IdResolutionError as e:
                # ID resolution failed — report THIS as the failure reason,
                # clearly distinct from "the endpoint itself returned an error".
                error_msg = f"ID resolution failed: {e}"
                health_reporter.record(
                    name=name, action=action, method=method,
                    path=endpoint["path_template"], params=None,
                    status_code=None, expected_status=expected_status,
                    passed=False, elapsed_ms=None, sla_ms=sla_ms,
                    api_message="Could not resolve required path variable(s)",
                    request_headers={}, request_payload={}, response_body="",
                    candidate_name=candidate_name, candidate_email=candidate_email,
                    error=error_msg, critical=critical,
                )
                failure_logger.log_failure(
                    name=name, method=method, url=f"{base_url}{endpoint['path_template']}",
                    request_params={}, request_headers={}, status_code=0,
                    response_headers={}, response_body="", error=error_msg,
                )
                pytest.fail(error_msg)
        else:
            path = endpoint["path"]
    
        params = endpoint["params"]() if "params" in endpoint else None
    
        # --- Standard endpoint check ---
        error_msg = ""
        passed = False
        status_code = None
        elapsed_ms = None
        resp = None
        req_url = f"{base_url}{path}"
        req_headers = {}
        api_message = ""
        response_body = None
    
        try:
            resp, elapsed_ms, req_url, req_headers = health_client.request(
                method=method, path=path, params=params,
                auth_profile=endpoint.get("auth_profile"),
            )
            status_code = resp.status_code
            passed = status_code == expected_status
            response_body = resp.text
    
            if passed:
                api_message = "OK"
            else:
                try:
                    body_json = resp.json()
                    api_message = body_json.get("message", f"Unexpected status {status_code}")
                except Exception:
                    api_message = f"Unexpected status {status_code}"
                error_msg = f"Expected {expected_status}, got {status_code}: {resp.text[:300]}"
    
        except Exception as e:
            error_msg = f"{type(e).__name__}: {e}"
            api_message = "Request exception (network/timeout/connection)"
    
        health_reporter.record(
            name=name, action=action, method=method, path=path, params=params,
            status_code=status_code, expected_status=expected_status,
            passed=passed, elapsed_ms=elapsed_ms, sla_ms=sla_ms,
            api_message=api_message, request_headers=req_headers,
            request_payload=params or {}, response_body=response_body,
            candidate_name=candidate_name, candidate_email=candidate_email,
            error=error_msg, critical=critical,
        )
    
        if not passed:
            failure_logger.log_failure(
                name=name, method=method, url=req_url,
                request_params=params or {}, request_headers=req_headers,
                status_code=status_code or 0,
                response_headers=dict(resp.headers) if resp is not None else {},
                response_body=response_body or "", error=error_msg,
            )
    
&gt;       assert passed, error_msg
E       AssertionError: Expected 200, got 500: {"status":"error","message":"Leave type not found","errors":[]}
E       assert False

test\health\test_api_health.py:162: AssertionError</failure></testcase><testcase classname="test.health.test_api_health" name="test_endpoint_health[fetch_legal_entity_list]" time="0.533" /><testcase classname="test.health.test_api_health" name="test_endpoint_health[fetch_hierarchy_level]" time="0.486"><failure message="AssertionError: Expected 200, got 500: {&quot;status&quot;:&quot;error&quot;,&quot;message&quot;:&quot;SQLSTATE[22P02]: Invalid text representation: 7 ERROR:  invalid input syntax for type uuid: \&quot;%7Buuid%7D\&quot;\nCONTEXT:  unnamed portal parameter $1 = '...'&quot;,&quot;errors&quot;:[]}&#10;assert False">endpoint = {'name': 'fetch_hierarchy_level', 'module': 'Master Data', 'submodule': 'Hierarchy Levels', 'action': 'Fetch Hierarchy Level', ...}
health_client = &lt;conftest.health_client.&lt;locals&gt;.HealthClient object at 0x00000223B6188C20&gt;
health_reporter = &lt;utils.health_reporter.HealthReporter object at 0x00000223B6188980&gt;
failure_logger = &lt;utils.health_failure_logger.HealthFailureLogger object at 0x00000223B61897F0&gt;
token_managers = {'employee': &lt;api_framework.auth.health_token_manager.HealthTokenManager object at 0x00000223B6188AD0&gt;, 'hr': &lt;api_fra...0000223B60CE5D0&gt;, 'finance': &lt;api_framework.auth.health_token_manager.HealthTokenManager object at 0x00000223B60BD5B0&gt;}
id_resolver = &lt;utils.health_id_resolver.HealthIdResolver object at 0x00000223B6189010&gt;
base_url = 'https://injin-dev.injtechnologies.com'

    @pytest.mark.parametrize("endpoint", ENDPOINTS, ids=[e["name"] for e in ENDPOINTS])
    def test_endpoint_health(endpoint, health_client, health_reporter, failure_logger,
                              token_managers, id_resolver, base_url):
        name = endpoint["name"]
        action = endpoint.get("action", name)
        method = endpoint["method"]
        expected_status = endpoint["expected_status"]
        critical = endpoint.get("critical", False)
        sla_ms = endpoint.get("sla_ms", DEFAULT_SLA_MS)
    
        manager = token_managers.get("employee")
        candidate_name = manager.user_info.get("name", "") if manager else ""
        candidate_email = manager.user_info.get("email", "") if manager else ""
    
        # --- Login is a special case ---
        if endpoint.get("is_login"):
            from api_framework.config.health_endpoints import AUTH_PROFILES
            from api_framework.auth.health_token_manager import resolve_credentials
    
            path = endpoint["path"]
            profile_cfg = AUTH_PROFILES["employee"]
            username, password = resolve_credentials(profile_cfg)
    
            request_payload = {"username": username, "password": "***MASKED***"}
            error_msg = ""
            passed = False
            status_code = None
            elapsed_ms = None
            api_message = ""
            response_body = None
    
            try:
                manager.get_access_token(username, password, force_refresh=True)
                status_code = manager.last_login_response.get("status_code")
                elapsed_ms = manager.last_login_response.get("elapsed_ms")
                passed = status_code == expected_status
                api_message = "Login successful" if passed else "Login failed"
                response_body = manager.last_login_response.get("body_snippet")
                candidate_name = manager.user_info.get("name", "")
                candidate_email = manager.user_info.get("email", "")
            except HealthAuthError as e:
                error_msg = str(e)
                api_message = "Login raised an exception"
                status_code = manager.last_login_response.get("status_code")
                elapsed_ms = manager.last_login_response.get("elapsed_ms")
                response_body = manager.last_login_response.get("body_snippet")
    
            health_reporter.record(
                name=name, action=action, method=method, path=path, params=None,
                status_code=status_code, expected_status=expected_status,
                passed=passed, elapsed_ms=elapsed_ms, sla_ms=sla_ms,
                api_message=api_message,
                request_headers={"Content-Type": "application/json"},
                request_payload=request_payload, response_body=response_body,
                candidate_name=candidate_name, candidate_email=candidate_email,
                error=error_msg, critical=critical,
            )
            assert passed, error_msg or f"Login check failed (status={status_code})"
            return
    
        # --- Resolve path_template -&gt; real path, if needed ---
        if "path_template" in endpoint:
            resolve_vars = endpoint.get("resolve_vars", [])
            try:
                resolved = id_resolver.resolve_all(resolve_vars)
                path = endpoint["path_template"].format(**resolved)
            except IdResolutionError as e:
                # ID resolution failed — report THIS as the failure reason,
                # clearly distinct from "the endpoint itself returned an error".
                error_msg = f"ID resolution failed: {e}"
                health_reporter.record(
                    name=name, action=action, method=method,
                    path=endpoint["path_template"], params=None,
                    status_code=None, expected_status=expected_status,
                    passed=False, elapsed_ms=None, sla_ms=sla_ms,
                    api_message="Could not resolve required path variable(s)",
                    request_headers={}, request_payload={}, response_body="",
                    candidate_name=candidate_name, candidate_email=candidate_email,
                    error=error_msg, critical=critical,
                )
                failure_logger.log_failure(
                    name=name, method=method, url=f"{base_url}{endpoint['path_template']}",
                    request_params={}, request_headers={}, status_code=0,
                    response_headers={}, response_body="", error=error_msg,
                )
                pytest.fail(error_msg)
        else:
            path = endpoint["path"]
    
        params = endpoint["params"]() if "params" in endpoint else None
    
        # --- Standard endpoint check ---
        error_msg = ""
        passed = False
        status_code = None
        elapsed_ms = None
        resp = None
        req_url = f"{base_url}{path}"
        req_headers = {}
        api_message = ""
        response_body = None
    
        try:
            resp, elapsed_ms, req_url, req_headers = health_client.request(
                method=method, path=path, params=params,
                auth_profile=endpoint.get("auth_profile"),
            )
            status_code = resp.status_code
            passed = status_code == expected_status
            response_body = resp.text
    
            if passed:
                api_message = "OK"
            else:
                try:
                    body_json = resp.json()
                    api_message = body_json.get("message", f"Unexpected status {status_code}")
                except Exception:
                    api_message = f"Unexpected status {status_code}"
                error_msg = f"Expected {expected_status}, got {status_code}: {resp.text[:300]}"
    
        except Exception as e:
            error_msg = f"{type(e).__name__}: {e}"
            api_message = "Request exception (network/timeout/connection)"
    
        health_reporter.record(
            name=name, action=action, method=method, path=path, params=params,
            status_code=status_code, expected_status=expected_status,
            passed=passed, elapsed_ms=elapsed_ms, sla_ms=sla_ms,
            api_message=api_message, request_headers=req_headers,
            request_payload=params or {}, response_body=response_body,
            candidate_name=candidate_name, candidate_email=candidate_email,
            error=error_msg, critical=critical,
        )
    
        if not passed:
            failure_logger.log_failure(
                name=name, method=method, url=req_url,
                request_params=params or {}, request_headers=req_headers,
                status_code=status_code or 0,
                response_headers=dict(resp.headers) if resp is not None else {},
                response_body=response_body or "", error=error_msg,
            )
    
&gt;       assert passed, error_msg
E       AssertionError: Expected 200, got 500: {"status":"error","message":"SQLSTATE[22P02]: Invalid text representation: 7 ERROR:  invalid input syntax for type uuid: \"%7Buuid%7D\"\nCONTEXT:  unnamed portal parameter $1 = '...'","errors":[]}
E       assert False

test\health\test_api_health.py:162: AssertionError</failure></testcase><testcase classname="test.health.test_api_health" name="test_endpoint_health[fetch_workflows]" time="0.600" /><testcase classname="test.health.test_api_health" name="test_endpoint_health[admin_show_tickets]" time="0.539" /><testcase classname="test.health.test_api_health" name="test_endpoint_health[admin_show_tickets_comments]" time="0.491"><failure message="AssertionError: Expected 200, got 500: {&quot;status&quot;:&quot;error&quot;,&quot;message&quot;:&quot;SQLSTATE[22P02]: Invalid text representation: 7 ERROR:  invalid input syntax for type uuid: \&quot;%7Buuid%7D\&quot;\nCONTEXT:  unnamed portal parameter $1 = '...'&quot;,&quot;errors&quot;:[]}&#10;assert False">endpoint = {'name': 'admin_show_tickets_comments', 'module': 'Ticketing', 'submodule': 'Admin Tickets', 'action': 'Admin Show Tickets Comments', ...}
health_client = &lt;conftest.health_client.&lt;locals&gt;.HealthClient object at 0x00000223B6188C20&gt;
health_reporter = &lt;utils.health_reporter.HealthReporter object at 0x00000223B6188980&gt;
failure_logger = &lt;utils.health_failure_logger.HealthFailureLogger object at 0x00000223B61897F0&gt;
token_managers = {'employee': &lt;api_framework.auth.health_token_manager.HealthTokenManager object at 0x00000223B6188AD0&gt;, 'hr': &lt;api_fra...0000223B60CE5D0&gt;, 'finance': &lt;api_framework.auth.health_token_manager.HealthTokenManager object at 0x00000223B60BD5B0&gt;}
id_resolver = &lt;utils.health_id_resolver.HealthIdResolver object at 0x00000223B6189010&gt;
base_url = 'https://injin-dev.injtechnologies.com'

    @pytest.mark.parametrize("endpoint", ENDPOINTS, ids=[e["name"] for e in ENDPOINTS])
    def test_endpoint_health(endpoint, health_client, health_reporter, failure_logger,
                              token_managers, id_resolver, base_url):
        name = endpoint["name"]
        action = endpoint.get("action", name)
        method = endpoint["method"]
        expected_status = endpoint["expected_status"]
        critical = endpoint.get("critical", False)
        sla_ms = endpoint.get("sla_ms", DEFAULT_SLA_MS)
    
        manager = token_managers.get("employee")
        candidate_name = manager.user_info.get("name", "") if manager else ""
        candidate_email = manager.user_info.get("email", "") if manager else ""
    
        # --- Login is a special case ---
        if endpoint.get("is_login"):
            from api_framework.config.health_endpoints import AUTH_PROFILES
            from api_framework.auth.health_token_manager import resolve_credentials
    
            path = endpoint["path"]
            profile_cfg = AUTH_PROFILES["employee"]
            username, password = resolve_credentials(profile_cfg)
    
            request_payload = {"username": username, "password": "***MASKED***"}
            error_msg = ""
            passed = False
            status_code = None
            elapsed_ms = None
            api_message = ""
            response_body = None
    
            try:
                manager.get_access_token(username, password, force_refresh=True)
                status_code = manager.last_login_response.get("status_code")
                elapsed_ms = manager.last_login_response.get("elapsed_ms")
                passed = status_code == expected_status
                api_message = "Login successful" if passed else "Login failed"
                response_body = manager.last_login_response.get("body_snippet")
                candidate_name = manager.user_info.get("name", "")
                candidate_email = manager.user_info.get("email", "")
            except HealthAuthError as e:
                error_msg = str(e)
                api_message = "Login raised an exception"
                status_code = manager.last_login_response.get("status_code")
                elapsed_ms = manager.last_login_response.get("elapsed_ms")
                response_body = manager.last_login_response.get("body_snippet")
    
            health_reporter.record(
                name=name, action=action, method=method, path=path, params=None,
                status_code=status_code, expected_status=expected_status,
                passed=passed, elapsed_ms=elapsed_ms, sla_ms=sla_ms,
                api_message=api_message,
                request_headers={"Content-Type": "application/json"},
                request_payload=request_payload, response_body=response_body,
                candidate_name=candidate_name, candidate_email=candidate_email,
                error=error_msg, critical=critical,
            )
            assert passed, error_msg or f"Login check failed (status={status_code})"
            return
    
        # --- Resolve path_template -&gt; real path, if needed ---
        if "path_template" in endpoint:
            resolve_vars = endpoint.get("resolve_vars", [])
            try:
                resolved = id_resolver.resolve_all(resolve_vars)
                path = endpoint["path_template"].format(**resolved)
            except IdResolutionError as e:
                # ID resolution failed — report THIS as the failure reason,
                # clearly distinct from "the endpoint itself returned an error".
                error_msg = f"ID resolution failed: {e}"
                health_reporter.record(
                    name=name, action=action, method=method,
                    path=endpoint["path_template"], params=None,
                    status_code=None, expected_status=expected_status,
                    passed=False, elapsed_ms=None, sla_ms=sla_ms,
                    api_message="Could not resolve required path variable(s)",
                    request_headers={}, request_payload={}, response_body="",
                    candidate_name=candidate_name, candidate_email=candidate_email,
                    error=error_msg, critical=critical,
                )
                failure_logger.log_failure(
                    name=name, method=method, url=f"{base_url}{endpoint['path_template']}",
                    request_params={}, request_headers={}, status_code=0,
                    response_headers={}, response_body="", error=error_msg,
                )
                pytest.fail(error_msg)
        else:
            path = endpoint["path"]
    
        params = endpoint["params"]() if "params" in endpoint else None
    
        # --- Standard endpoint check ---
        error_msg = ""
        passed = False
        status_code = None
        elapsed_ms = None
        resp = None
        req_url = f"{base_url}{path}"
        req_headers = {}
        api_message = ""
        response_body = None
    
        try:
            resp, elapsed_ms, req_url, req_headers = health_client.request(
                method=method, path=path, params=params,
                auth_profile=endpoint.get("auth_profile"),
            )
            status_code = resp.status_code
            passed = status_code == expected_status
            response_body = resp.text
    
            if passed:
                api_message = "OK"
            else:
                try:
                    body_json = resp.json()
                    api_message = body_json.get("message", f"Unexpected status {status_code}")
                except Exception:
                    api_message = f"Unexpected status {status_code}"
                error_msg = f"Expected {expected_status}, got {status_code}: {resp.text[:300]}"
    
        except Exception as e:
            error_msg = f"{type(e).__name__}: {e}"
            api_message = "Request exception (network/timeout/connection)"
    
        health_reporter.record(
            name=name, action=action, method=method, path=path, params=params,
            status_code=status_code, expected_status=expected_status,
            passed=passed, elapsed_ms=elapsed_ms, sla_ms=sla_ms,
            api_message=api_message, request_headers=req_headers,
            request_payload=params or {}, response_body=response_body,
            candidate_name=candidate_name, candidate_email=candidate_email,
            error=error_msg, critical=critical,
        )
    
        if not passed:
            failure_logger.log_failure(
                name=name, method=method, url=req_url,
                request_params=params or {}, request_headers=req_headers,
                status_code=status_code or 0,
                response_headers=dict(resp.headers) if resp is not None else {},
                response_body=response_body or "", error=error_msg,
            )
    
&gt;       assert passed, error_msg
E       AssertionError: Expected 200, got 500: {"status":"error","message":"SQLSTATE[22P02]: Invalid text representation: 7 ERROR:  invalid input syntax for type uuid: \"%7Buuid%7D\"\nCONTEXT:  unnamed portal parameter $1 = '...'","errors":[]}
E       assert False

test\health\test_api_health.py:162: AssertionError</failure></testcase><testcase classname="test.health.test_api_health" name="test_endpoint_health[cancel_tickets]" time="0.434"><failure message="AssertionError: Expected 200, got 404: {&quot;error&quot;:&quot;Route not found!&quot;}&#10;assert False">endpoint = {'name': 'cancel_tickets', 'module': 'Ticketing', 'submodule': 'Admin Tickets', 'action': 'Cancel Tickets', ...}
health_client = &lt;conftest.health_client.&lt;locals&gt;.HealthClient object at 0x00000223B6188C20&gt;
health_reporter = &lt;utils.health_reporter.HealthReporter object at 0x00000223B6188980&gt;
failure_logger = &lt;utils.health_failure_logger.HealthFailureLogger object at 0x00000223B61897F0&gt;
token_managers = {'employee': &lt;api_framework.auth.health_token_manager.HealthTokenManager object at 0x00000223B6188AD0&gt;, 'hr': &lt;api_fra...0000223B60CE5D0&gt;, 'finance': &lt;api_framework.auth.health_token_manager.HealthTokenManager object at 0x00000223B60BD5B0&gt;}
id_resolver = &lt;utils.health_id_resolver.HealthIdResolver object at 0x00000223B6189010&gt;
base_url = 'https://injin-dev.injtechnologies.com'

    @pytest.mark.parametrize("endpoint", ENDPOINTS, ids=[e["name"] for e in ENDPOINTS])
    def test_endpoint_health(endpoint, health_client, health_reporter, failure_logger,
                              token_managers, id_resolver, base_url):
        name = endpoint["name"]
        action = endpoint.get("action", name)
        method = endpoint["method"]
        expected_status = endpoint["expected_status"]
        critical = endpoint.get("critical", False)
        sla_ms = endpoint.get("sla_ms", DEFAULT_SLA_MS)
    
        manager = token_managers.get("employee")
        candidate_name = manager.user_info.get("name", "") if manager else ""
        candidate_email = manager.user_info.get("email", "") if manager else ""
    
        # --- Login is a special case ---
        if endpoint.get("is_login"):
            from api_framework.config.health_endpoints import AUTH_PROFILES
            from api_framework.auth.health_token_manager import resolve_credentials
    
            path = endpoint["path"]
            profile_cfg = AUTH_PROFILES["employee"]
            username, password = resolve_credentials(profile_cfg)
    
            request_payload = {"username": username, "password": "***MASKED***"}
            error_msg = ""
            passed = False
            status_code = None
            elapsed_ms = None
            api_message = ""
            response_body = None
    
            try:
                manager.get_access_token(username, password, force_refresh=True)
                status_code = manager.last_login_response.get("status_code")
                elapsed_ms = manager.last_login_response.get("elapsed_ms")
                passed = status_code == expected_status
                api_message = "Login successful" if passed else "Login failed"
                response_body = manager.last_login_response.get("body_snippet")
                candidate_name = manager.user_info.get("name", "")
                candidate_email = manager.user_info.get("email", "")
            except HealthAuthError as e:
                error_msg = str(e)
                api_message = "Login raised an exception"
                status_code = manager.last_login_response.get("status_code")
                elapsed_ms = manager.last_login_response.get("elapsed_ms")
                response_body = manager.last_login_response.get("body_snippet")
    
            health_reporter.record(
                name=name, action=action, method=method, path=path, params=None,
                status_code=status_code, expected_status=expected_status,
                passed=passed, elapsed_ms=elapsed_ms, sla_ms=sla_ms,
                api_message=api_message,
                request_headers={"Content-Type": "application/json"},
                request_payload=request_payload, response_body=response_body,
                candidate_name=candidate_name, candidate_email=candidate_email,
                error=error_msg, critical=critical,
            )
            assert passed, error_msg or f"Login check failed (status={status_code})"
            return
    
        # --- Resolve path_template -&gt; real path, if needed ---
        if "path_template" in endpoint:
            resolve_vars = endpoint.get("resolve_vars", [])
            try:
                resolved = id_resolver.resolve_all(resolve_vars)
                path = endpoint["path_template"].format(**resolved)
            except IdResolutionError as e:
                # ID resolution failed — report THIS as the failure reason,
                # clearly distinct from "the endpoint itself returned an error".
                error_msg = f"ID resolution failed: {e}"
                health_reporter.record(
                    name=name, action=action, method=method,
                    path=endpoint["path_template"], params=None,
                    status_code=None, expected_status=expected_status,
                    passed=False, elapsed_ms=None, sla_ms=sla_ms,
                    api_message="Could not resolve required path variable(s)",
                    request_headers={}, request_payload={}, response_body="",
                    candidate_name=candidate_name, candidate_email=candidate_email,
                    error=error_msg, critical=critical,
                )
                failure_logger.log_failure(
                    name=name, method=method, url=f"{base_url}{endpoint['path_template']}",
                    request_params={}, request_headers={}, status_code=0,
                    response_headers={}, response_body="", error=error_msg,
                )
                pytest.fail(error_msg)
        else:
            path = endpoint["path"]
    
        params = endpoint["params"]() if "params" in endpoint else None
    
        # --- Standard endpoint check ---
        error_msg = ""
        passed = False
        status_code = None
        elapsed_ms = None
        resp = None
        req_url = f"{base_url}{path}"
        req_headers = {}
        api_message = ""
        response_body = None
    
        try:
            resp, elapsed_ms, req_url, req_headers = health_client.request(
                method=method, path=path, params=params,
                auth_profile=endpoint.get("auth_profile"),
            )
            status_code = resp.status_code
            passed = status_code == expected_status
            response_body = resp.text
    
            if passed:
                api_message = "OK"
            else:
                try:
                    body_json = resp.json()
                    api_message = body_json.get("message", f"Unexpected status {status_code}")
                except Exception:
                    api_message = f"Unexpected status {status_code}"
                error_msg = f"Expected {expected_status}, got {status_code}: {resp.text[:300]}"
    
        except Exception as e:
            error_msg = f"{type(e).__name__}: {e}"
            api_message = "Request exception (network/timeout/connection)"
    
        health_reporter.record(
            name=name, action=action, method=method, path=path, params=params,
            status_code=status_code, expected_status=expected_status,
            passed=passed, elapsed_ms=elapsed_ms, sla_ms=sla_ms,
            api_message=api_message, request_headers=req_headers,
            request_payload=params or {}, response_body=response_body,
            candidate_name=candidate_name, candidate_email=candidate_email,
            error=error_msg, critical=critical,
        )
    
        if not passed:
            failure_logger.log_failure(
                name=name, method=method, url=req_url,
                request_params=params or {}, request_headers=req_headers,
                status_code=status_code or 0,
                response_headers=dict(resp.headers) if resp is not None else {},
                response_body=response_body or "", error=error_msg,
            )
    
&gt;       assert passed, error_msg
E       AssertionError: Expected 200, got 404: {"error":"Route not found!"}
E       assert False

test\health\test_api_health.py:162: AssertionError</failure></testcase><testcase classname="test.health.test_api_health" name="test_endpoint_health[fetch_document_list_copy]" time="0.505" /><testcase classname="test.health.test_api_health" name="test_endpoint_health[fetch_form_schema]" time="0.438" /><testcase classname="test.health.test_api_health" name="test_endpoint_health[fetch_meta_data]" time="0.497" /><testcase classname="test.health.test_api_health" name="test_endpoint_health[fetch_employee_attendance_policy_history]" time="0.510"><failure message="AssertionError: Expected 200, got 500: {&quot;status&quot;:&quot;error&quot;,&quot;message&quot;:&quot;Employee not found&quot;,&quot;errors&quot;:[]}&#10;assert False">endpoint = {'name': 'fetch_employee_attendance_policy_history', 'module': 'HR Management', 'submodule': 'Attendance', 'action': 'Fetch Employee Attendance Policy History', ...}
health_client = &lt;conftest.health_client.&lt;locals&gt;.HealthClient object at 0x00000223B6188C20&gt;
health_reporter = &lt;utils.health_reporter.HealthReporter object at 0x00000223B6188980&gt;
failure_logger = &lt;utils.health_failure_logger.HealthFailureLogger object at 0x00000223B61897F0&gt;
token_managers = {'employee': &lt;api_framework.auth.health_token_manager.HealthTokenManager object at 0x00000223B6188AD0&gt;, 'hr': &lt;api_fra...0000223B60CE5D0&gt;, 'finance': &lt;api_framework.auth.health_token_manager.HealthTokenManager object at 0x00000223B60BD5B0&gt;}
id_resolver = &lt;utils.health_id_resolver.HealthIdResolver object at 0x00000223B6189010&gt;
base_url = 'https://injin-dev.injtechnologies.com'

    @pytest.mark.parametrize("endpoint", ENDPOINTS, ids=[e["name"] for e in ENDPOINTS])
    def test_endpoint_health(endpoint, health_client, health_reporter, failure_logger,
                              token_managers, id_resolver, base_url):
        name = endpoint["name"]
[...]
                response_headers=dict(resp.headers) if resp is not None else {},
                response_body=response_body or "", error=error_msg,
            )
    
&gt;       assert passed, error_msg
E       AssertionError: Expected 200, got 500: {"status":"error","message":"No active assignment found for this employee.","errors":[]}
E       assert False

test\health\test_api_health.py:162: AssertionError</failure></testcase><testcase classname="test.health.test_api_health" name="test_endpoint_health[fetch_employee_code_setting]" time="0.529" /><testcase classname="test.health.test_api_health" name="test_endpoint_health[fetch_app_timezone]" time="0.529" /><testcase classname="test.health.test_api_health" name="test_endpoint_health[fetch_ui_color]" time="0.505" /><testcase classname="test.health.test_api_health" name="test_endpoint_health[fetch_probation_notice]" time="0.454" /><testcase classname="test.health.test_api_health" name="test_endpoint_health[list_runs]" time="0.477" /><testcase classname="test.health.test_api_health" name="test_endpoint_health[list_all_events]" time="0.481" /><testcase classname="test.health.test_api_health" name="test_endpoint_health[list_delivery_logs_no_filters]" time="0.468" /><testcase classname="test.health.test_api_health" name="test_endpoint_health[get_announcement_by_uuid]" time="0.812" /><testcase classname="test.health.test_api_health" name="test_endpoint_health[get_config_history]" time="0.793" /><testcase classname="test.health.test_api_health" name="test_endpoint_health[get_current_config]" time="0.473" /><testcase classname="test.health.test_api_health" name="test_endpoint_health[get_pf_config]" time="0.488" /><testcase classname="test.health.test_api_health" name="test_endpoint_health[get_gratuity_config]" time="0.442" /><testcase classname="test.health.test_api_health" name="test_endpoint_health[get_esi_config]" time="0.460" /><testcase classname="test.health.test_api_health" name="test_endpoint_health[get_pt_slabs]" time="0.484" /><testcase classname="test.health.test_api_health" name="test_endpoint_health[get_lwf_configs]" time="0.502" /><testcase classname="test.health.test_api_health" name="test_endpoint_health[get_employee_statutory]" time="0.795" /><testcase classname="test.health.test_api_health" name="test_endpoint_health[get_tax_config]" time="0.490" /><testcase classname="test.health.test_api_health" name="test_endpoint_health[get_employee_tax_declaration]" time="0.776" /><testcase classname="test.health.test_api_health" name="test_endpoint_health[get_tax_proof_documents_for_employee]" time="0.473" /><testcase classname="test.health.test_api_health" name="test_endpoint_health[get_tax_windows]" time="0.501" /><testcase classname="test.health.test_api_health" name="test_endpoint_health[get_employee_perquisites]" time="0.512" /><testcase classname="test.health.test_api_health" name="test_endpoint_health[get_calendars_by_year_optional]" time="0.469" /><testcase classname="test.health.test_api_health" name="test_endpoint_health[get_run]" time="0.870" /><testcase classname="test.health.test_api_health" name="test_endpoint_health[list_variable_inputs_for_run]" time="0.485" /><testcase classname="test.health.test_api_health" name="test_endpoint_health[list_employees_in_run]" time="0.536" /><testcase classname="test.health.test_api_health" name="test_endpoint_health[get_employee_payroll_in_run]" time="0.499" /><testcase classname="test.health.test_api_health" name="test_endpoint_health[payroll_register]" time="0.515" /><testcase classname="test.health.test_api_health" name="test_endpoint_health[bank_export_csv]" time="0.508" /><testcase classname="test.health.test_api_health" name="test_endpoint_health[statutory_register]" time="0.495" /><testcase classname="test.health.test_api_health" name="test_endpoint_health[list_employee_loans]" time="0.505" /><testcase classname="test.health.test_api_health" name="test_endpoint_health[list_employee_fnf_settlements]" time="0.489" /><testcase classname="test.health.test_api_health" name="test_endpoint_health[get_my_payslip]" time="0.779" /><testcase classname="test.health.test_api_health" name="test_endpoint_health[get_my_declaration]" time="0.486" /><testcase classname="test.health.test_api_health" name="test_endpoint_health[get_my_proof_documents]" time="0.499" /><testcase classname="test.health.test_api_health" name="test_endpoint_health[direct_reports_depth_1]" time="0.495" /><testcase classname="test.health.test_api_health" name="test_endpoint_health[full_team_all_depths]" time="0.492" /><testcase classname="test.health.test_api_health" name="test_endpoint_health[reporting_chain_upward]" time="0.514" /><testcase classname="test.health.test_api_health" name="test_endpoint_health[managers_by_level_direct_l2_l3]" time="0.514" /><testcase classname="test.health.test_api_health" name="test_endpoint_health[manager_history]" time="0.500" /><testcase classname="test.health.test_api_health" name="test_endpoint_health[team_member_profile]" time="0.825" /><testcase classname="test.health.test_api_health" name="test_endpoint_health[get_event_detail_rules_templates]" time="0.811" /><testcase classname="test.health.test_api_health" name="test_endpoint_health[get_user_detail_by_id]" time="0.539" /><testcase classname="test.health.test_api_health" name="test_endpoint_health[fetch_employee_attendance_config]" time="0.500" /><testcase classname="test.health.test_api_health" name="test_endpoint_health[fetch_employee_detailed_attendance]" time="0.538" /><testcase classname="test.health.test_api_health" name="test_endpoint_health[get_financial_year_by_id]" time="0.503" /><testcase classname="test.health.test_api_health" name="test_endpoint_health[leave_balances]" time="0.523" /><testcase classname="test.health.test_api_health" name="test_endpoint_health[team_users_list]" time="0.521" /><testcase classname="test.health.test_api_health" name="test_endpoint_health[attendance_today]" time="0.505" /><testcase classname="test.health.test_api_health" name="test_endpoint_health[offboarding_case]" time="0.504" /><testcase classname="test.health.test_api_health" name="test_endpoint_health[offboarding_exit_survey]" time="0.501" /><testcase classname="test.health.test_api_health" name="test_endpoint_health[workflow_pending_approvals]" time="0.519" /><testcase classname="test.health.test_api_health" name="test_endpoint_health[offboarding_clearance_queue]" time="0.643" /><testcase classname="test.health.test_api_health" name="test_endpoint_health[admin_dashboard]" time="0.535" /><testcase classname="test.health.test_api_health" name="test_endpoint_health[fetch_role_permissions]" time="0.237"><failure message="Failed: ID resolution failed: No RESOLVER_CONFIG entry for 'role_uuid'">endpoint = {'name': 'fetch_role_permissions', 'module': 'RBAC &amp; Settings', 'submodule': 'Roles', 'action': 'Fetch Role Permissions', ...}
health_client = &lt;conftest.health_client.&lt;locals&gt;.HealthClient object at 0x00000223B6188C20&gt;
health_reporter = &lt;utils.health_reporter.HealthReporter object at 0x00000223B6188980&gt;
failure_logger = &lt;utils.health_failure_logger.HealthFailureLogger object at 0x00000223B61897F0&gt;
token_managers = {'employee': &lt;api_framework.auth.health_token_manager.HealthTokenManager object at 0x00000223B6188AD0&gt;, 'hr': &lt;api_fra...0000223B60CE5D0&gt;, 'finance': &lt;api_framework.auth.health_token_manager.HealthTokenManager object at 0x00000223B60BD5B0&gt;}
id_resolver = &lt;utils.health_id_resolver.HealthIdResolver object at 0x00000223B6189010&gt;
base_url = 'https://injin-dev.injtechnologies.com'

    @pytest.mark.parametrize("endpoint", ENDPOINTS, ids=[e["name"] for e in ENDPOINTS])
    def test_endpoint_health(endpoint, health_client, health_reporter, failure_logger,
                              token_managers, id_resolver, base_url):
        name = endpoint["name"]
        action = endpoint.get("action", name)
        method = endpoint["method"]
        expected_status = endpoint["expected_status"]
        critical = endpoint.get("critical", False)
        sla_ms = endpoint.get("sla_ms", DEFAULT_SLA_MS)
    
        manager = token_managers.get("employee")
        candidate_name = manager.user_info.get("name", "") if manager else ""
        candidate_email = manager.user_info.get("email", "") if manager else ""
    
        # --- Login is a special case ---
        if endpoint.get("is_login"):
            from api_framework.config.health_endpoints import AUTH_PROFILES
            from api_framework.auth.health_token_manager import resolve_credentials
    
            path = endpoint["path"]
            profile_cfg = AUTH_PROFILES["employee"]
            username, password = resolve_credentials(profile_cfg)
    
            request_payload = {"username": username, "password": "***MASKED***"}
            error_msg = ""
            passed = False
            status_code = None
            elapsed_ms = None
            api_message = ""
            response_body = None
    
            try:
                manager.get_access_token(username, password, force_refresh=True)
                status_code = manager.last_login_response.get("status_code")
                elapsed_ms = manager.last_login_response.get("elapsed_ms")
                passed = status_code == expected_status
                api_message = "Login successful" if passed else "Login failed"
                response_body = manager.last_login_response.get("body_snippet")
                candidate_name = manager.user_info.get("name", "")
                candidate_email = manager.user_info.get("email", "")
            except HealthAuthError as e:
                error_msg = str(e)
                api_message = "Login raised an exception"
                status_code = manager.last_login_response.get("status_code")
                elapsed_ms = manager.last_login_response.get("elapsed_ms")
                response_body = manager.last_login_response.get("body_snippet")
    
            health_reporter.record(
                name=name, action=action, method=method, path=path, params=None,
                status_code=status_code, expected_status=expected_status,
                passed=passed, elapsed_ms=elapsed_ms, sla_ms=sla_ms,
                api_message=api_message,
                request_headers={"Content-Type": "application/json"},
                request_payload=request_payload, response_body=response_body,
                candidate_name=candidate_name, candidate_email=candidate_email,
                error=error_msg, critical=critical,
            )
            assert passed, error_msg or f"Login check failed (status={status_code})"
            return
    
        # --- Resolve path_template -&gt; real path, if needed ---
        if "path_template" in endpoint:
            resolve_vars = endpoint.get("resolve_vars", [])
            try:
&gt;               resolved = id_resolver.resolve_all(resolve_vars)
                           ^^^^^^^^^^^^^^^^^^^^^^^^^^^^^^^^^^^^^

test\health\test_api_health.py:82: 
_ _ _ _ _ _ _ _ _ _ _ _ _ _ _ _ _ _ _ _ _ _ _ _ _ _ _ _ _ _ _ _ _ _ _ _ _ _ _ _ _ _ _ _ _ _ _ _
utils\health_id_resolver.py:113: in resolve_all
    return {v: self.resolve(v) for v in var_names}
               ^^^^^^^^^^^^^^^
_ _ _ _ _ _ _ _ _ _ _ _ _ _ _ _ _ _ _ _ _ _ _ _ _ _ _ _ _ _ _ _ _ _ _ _ _ _ _ _ _ _ _ _ _ _ _ _

self = &lt;utils.health_id_resolver.HealthIdResolver object at 0x00000223B6189010&gt;
var_name = 'role_uuid'

    def resolve(self, var_name: str) -&gt; str:
        if var_name in self._cache:
            return self._cache[var_name]
        if var_name in self._errors:
            # Already failed once this session — don't hammer the source
            # endpoint again, just re-raise the same failure.
            raise IdResolutionError(self._errors[var_name])
    
        if var_name not in self.resolver_config:
            msg = f"No RESOLVER_CONFIG entry for '{var_name}'"
            self._errors[var_name] = msg
&gt;           raise IdResolutionError(msg)
E           utils.health_id_resolver.IdResolutionError: No RESOLVER_CONFIG entry for 'role_uuid'

utils\health_id_resolver.py:38: IdResolutionError

During handling of the above exception, another exception occurred:

endpoint = {'name': 'fetch_role_permissions', 'module': 'RBAC &amp; Settings', 'submodule': 'Roles', 'action': 'Fetch Role Permissions', ...}
health_client = &lt;conftest.health_client.&lt;locals&gt;.HealthClient object at 0x00000223B6188C20&gt;
health_reporter = &lt;utils.health_reporter.HealthReporter object at 0x00000223B6188980&gt;
failure_logger = &lt;utils.health_failure_logger.HealthFailureLogger object at 0x00000223B61897F0&gt;
token_managers = {'employee': &lt;api_framework.auth.health_token_manager.HealthTokenManager object at 0x00000223B6188AD0&gt;, 'hr': &lt;api_fra...0000223B60CE5D0&gt;, 'finance': &lt;api_framework.auth.health_token_manager.HealthTokenManager object at 0x00000223B60BD5B0&gt;}
id_resolver = &lt;utils.health_id_resolver.HealthIdResolver object at 0x00000223B6189010&gt;
base_url = 'https://injin-dev.injtechnologies.com'

    @pytest.mark.parametrize("endpoint", ENDPOINTS, ids=[e["name"] for e in ENDPOINTS])
    def test_endpoint_health(endpoint, health_client, health_reporter, failure_logger,
                              token_managers, id_resolver, base_url):
        name = endpoint["name"]
        action = endpoint.get("action", name)
        method = endpoint["method"]
        expected_status = endpoint["expected_status"]
        critical = endpoint.get("critical", False)
        sla_ms = endpoint.get("sla_ms", DEFAULT_SLA_MS)
    
        manager = token_managers.get("employee")
        candidate_name = manager.user_info.get("name", "") if manager else ""
        candidate_email = manager.user_info.get("email", "") if manager else ""
    
        # --- Login is a special case ---
        if endpoint.get("is_login"):
            from api_framework.config.health_endpoints import AUTH_PROFILES
            from api_framework.auth.health_token_manager import resolve_credentials
    
            path = endpoint["path"]
            profile_cfg = AUTH_PROFILES["employee"]
            username, password = resolve_credentials(profile_cfg)
    
            request_payload = {"username": username, "password": "***MASKED***"}
            error_msg = ""
            passed = False
            status_code = None
            elapsed_ms = None
            api_message = ""
            response_body = None
    
            try:
                manager.get_access_token(username, password, force_refresh=True)
                status_code = manager.last_login_response.get("status_code")
                elapsed_ms = manager.last_login_response.get("elapsed_ms")
                passed = status_code == expected_status
                api_message = "Login successful" if passed else "Login failed"
                response_body = manager.last_login_response.get("body_snippet")
                candidate_name = manager.user_info.get("name", "")
                candidate_email = manager.user_info.get("email", "")
            except HealthAuthError as e:
                error_msg = str(e)
                api_message = "Login raised an exception"
                status_code = manager.last_login_response.get("status_code")
                elapsed_ms = manager.last_login_response.get("elapsed_ms")
                response_body = manager.last_login_response.get("body_snippet")
    
            health_reporter.record(
                name=name, action=action, method=method, path=path, params=None,
                status_code=status_code, expected_status=expected_status,
                passed=passed, elapsed_ms=elapsed_ms, sla_ms=sla_ms,
                api_message=api_message,
                request_headers={"Content-Type": "application/json"},
                request_payload=request_payload, response_body=response_body,
                candidate_name=candidate_name, candidate_email=candidate_email,
                error=error_msg, critical=critical,
            )
            assert passed, error_msg or f"Login check failed (status={status_code})"
            return
    
        # --- Resolve path_template -&gt; real path, if needed ---
        if "path_template" in endpoint:
            resolve_vars = endpoint.get("resolve_vars", [])
            try:
                resolved = id_resolver.resolve_all(resolve_vars)
                path = endpoint["path_template"].format(**resolved)
            except IdResolutionError as e:
                # ID resolution failed — report THIS as the failure reason,
                # clearly distinct from "the endpoint itself returned an error".
                error_msg = f"ID resolution failed: {e}"
                health_reporter.record(
                    name=name, action=action, method=method,
                    path=endpoint["path_template"], params=None,
                    status_code=None, expected_status=expected_status,
                    passed=False, elapsed_ms=None, sla_ms=sla_ms,
                    api_message="Could not resolve required path variable(s)",
                    request_headers={}, request_payload={}, response_body="",
                    candidate_name=candidate_name, candidate_email=candidate_email,
                    error=error_msg, critical=critical,
                )
                failure_logger.log_failure(
                    name=name, method=method, url=f"{base_url}{endpoint['path_template']}",
                    request_params={}, request_headers={}, status_code=0,
                    response_headers={}, response_body="", error=error_msg,
                )
&gt;               pytest.fail(error_msg)
E               Failed: ID resolution failed: No RESOLVER_CONFIG entry for 'role_uuid'

test\health\test_api_health.py:103: Failed</failure></testcase><testcase classname="test.health.test_api_health" name="test_endpoint_health[fetch_hierarchy_levels_list]" time="0.564" /><testcase classname="test.health.test_api_health" name="test_endpoint_health[fetch_weekly_offs_list]" time="0.574" /><testcase classname="test.health.test_api_health" name="test_endpoint_health[fetch_leave_types_list]" time="0.498" /><testcase classname="test.health.test_api_health" name="test_endpoint_health[fetch_leave_policies_list]" time="0.487" /><testcase classname="test.health.test_api_health" name="test_endpoint_health[fetch_holiday_groups_list]" time="0.478" /><testcase classname="test.health.test_api_health" name="test_endpoint_health[fetch_leave_defaults]" time="0.527" /><testcase classname="test.health.test_api_health" name="test_endpoint_health[fetch_holiday_list]" time="0.483" /><testcase classname="test.health.test_api_health" name="test_endpoint_health[fetch_ticket_types_fixed]" time="0.546" /><testcase classname="test.health.test_api_health" name="test_endpoint_health[fetch_workflow_definitions]" time="0.506" /><testcase classname="test.health.test_api_health" name="test_endpoint_health[fetch_clearance_templates]" time="0.516" /><testcase classname="test.health.test_api_health" name="test_endpoint_health[fetch_exit_survey_schema]" time="0.504" /><testcase classname="test.health.test_api_health" name="test_endpoint_health[fetch_master_option_timezone]" time="0.525" /><testcase classname="test.health.test_api_health" name="test_endpoint_health[hr_offboarding_cases]" time="0.481" /><testcase classname="test.health.test_api_health" name="test_endpoint_health[fetch_emp_code_strategy]" time="0.509" /><testcase classname="test.health.test_api_health" name="test_endpoint_health[fetch_emp_code_sequence_key]" time="0.489" /><testcase classname="test.health.test_api_health" name="test_endpoint_health[fetch_emp_code_random_type]" time="0.492" /><testcase classname="test.health.test_api_health" name="test_endpoint_health[fetch_master_option_payroll_loan_type]" time="3.238" /></testsuite></testsuites>