<?xml version="1.0" encoding="utf-8"?><testsuites name="pytest tests"><testsuite name="pytest" errors="0" failures="0" skipped="0" tests="10" time="6.621" timestamp="2026-08-20T14:51:49.111532+05:30" hostname="INJ-HQ-LAP-0174"><testcase classname="test.health.test_api_health" name="test_endpoint_health[login]" time="0.540" /><testcase classname="test.health.test_api_health" name="test_endpoint_health[me]" time="0.400" /><testcase classname="test.health.test_api_health" name="test_endpoint_health[get_user_details]" time="0.393" /><testcase classname="test.health.test_api_health" name="test_endpoint_health[employee_leave_policy]" time="0.385" /><testcase classname="test.health.test_api_health" name="test_endpoint_health[employee_holiday_policy]" time="0.373" /><testcase classname="test.health.test_api_health" name="test_endpoint_health[attendance_monthly]" time="0.344" /><testcase classname="test.health.test_api_health" name="test_endpoint_health[leave_requests]" time="0.412" /><testcase classname="test.health.test_api_health" name="test_endpoint_health[ticketing_tickets]" time="0.438" /><testcase classname="test.health.test_api_health" name="test_endpoint_health[notifications]" time="0.384" /><testcase classname="test.health.test_api_health" name="test_endpoint_health[hr_payslips]" time="2.900" /></testsuite></testsuites>